[0.642s] Invoking command in '/home/juan/vnt/proyecto-1p/build/ftg': PYTHONPATH=/home/juan/vnt/proyecto-1p/build/ftg/prefix_override:/usr/lib/python3/dist-packages/colcon_core/task/python/colcon_distutils_commands:/home/juan/vnt/proyecto-1p/install/ftg/lib/python3.10/site-packages:${PYTHONPATH} /usr/bin/python3 -W ignore:setup.py install is deprecated -W ignore:easy_install command is deprecated setup.py develop --editable --build-directory /home/juan/vnt/proyecto-1p/build/ftg/build --no-deps symlink_data
[0.830s] running develop
[0.942s] running egg_info
[0.942s] creating ftg.egg-info
[0.942s] writing ftg.egg-info/PKG-INFO
[0.942s] writing dependency_links to ftg.egg-info/dependency_links.txt
[0.942s] writing entry points to ftg.egg-info/entry_points.txt
[0.942s] writing requirements to ftg.egg-info/requires.txt
[0.942s] writing top-level names to ftg.egg-info/top_level.txt
[0.942s] writing manifest file 'ftg.egg-info/SOURCES.txt'
[0.944s] reading manifest file 'ftg.egg-info/SOURCES.txt'
[0.944s] writing manifest file 'ftg.egg-info/SOURCES.txt'
[0.945s] running build_ext
[0.945s] Creating /home/juan/vnt/proyecto-1p/install/ftg/lib/python3.10/site-packages/ftg.egg-link (link to .)
[0.946s] Installing racer script to /home/juan/vnt/proyecto-1p/install/ftg/lib/ftg
[0.946s] 
[0.946s] Installed /home/juan/vnt/proyecto-1p/build/ftg
[0.946s] running symlink_data
[0.946s] creating /home/juan/vnt/proyecto-1p/install/ftg/share/ament_index
[0.946s] creating /home/juan/vnt/proyecto-1p/install/ftg/share/ament_index/resource_index
[0.946s] creating /home/juan/vnt/proyecto-1p/install/ftg/share/ament_index/resource_index/packages
[0.946s] symbolically linking /home/juan/vnt/proyecto-1p/build/ftg/resource/ftg -> /home/juan/vnt/proyecto-1p/install/ftg/share/ament_index/resource_index/packages
[0.947s] symbolically linking /home/juan/vnt/proyecto-1p/build/ftg/package.xml -> /home/juan/vnt/proyecto-1p/install/ftg/share/ftg
[0.971s] Invoked command in '/home/juan/vnt/proyecto-1p/build/ftg' returned '0': PYTHONPATH=/home/juan/vnt/proyecto-1p/build/ftg/prefix_override:/usr/lib/python3/dist-packages/colcon_core/task/python/colcon_distutils_commands:/home/juan/vnt/proyecto-1p/install/ftg/lib/python3.10/site-packages:${PYTHONPATH} /usr/bin/python3 -W ignore:setup.py install is deprecated -W ignore:easy_install command is deprecated setup.py develop --editable --build-directory /home/juan/vnt/proyecto-1p/build/ftg/build --no-deps symlink_data
